Using pre-set license
Built from '2020.3/china_unity/release' branch; Version is '2020.3.0f1c1 (1e553bf703d9) revision 1987899'; Using compiler version '192528614'; Build Type 'Release'
OS: 'Windows 10 Pro; OS build 19044.1766; Version 2009; 64bit' Language: 'zh' Physical Memory: 16313 MB
BatchMode: 1, IsHumanControllingUs: 0, StartBugReporterOnCrash: 0, Is64bit: 1, IsPro: 0

 COMMAND LINE ARGUMENTS:
C:\Program Files\Unity\Editor\Unity.exe
-adb2
-batchMode
-noUpm
-name
AssetImportWorker0
-projectPath
E:/UnityProject/FirstExerise
-logFile
Logs/AssetImportWorker0.log
-srvPort
53068
Successfully changed project path to: E:/UnityProject/FirstExerise
E:/UnityProject/FirstExerise
Using Asset Import Pipeline V2.
Refreshing native plugins compatible for Editor in 30.76 ms, found 0 plugins.
Preloading 0 native plugins for Editor in 0.00 ms.
Initialize engine version: 2020.3.0f1c1 (1e553bf703d9)
[Subsystems] Discovering subsystems at path C:/Program Files/Unity/Editor/Data/Resources/UnitySubsystems
[Subsystems] Discovering subsystems at path E:/UnityProject/FirstExerise/Assets
GfxDevice: creating device client; threaded=0
Direct3D:
    Version:  Direct3D 11.0 [level 11.1]
    Renderer: NVIDIA GeForce GTX 1070 Ti (ID=0x1b82)
    Vendor:   
    VRAM:     8079 MB
    Driver:   27.21.14.5751
Initialize mono
Mono path[0] = 'C:/Program Files/Unity/Editor/Data/Managed'
Mono path[1] = 'C:/Program Files/Unity/Editor/Data/MonoBleedingEdge/lib/mono/unityjit'
Mono config path = 'C:/Program Files/Unity/Editor/Data/MonoBleedingEdge/etc'
Using monoOptions --debugger-agent=transport=dt_socket,embedding=1,server=y,suspend=n,address=127.0.0.1:56948
Begin MonoManager ReloadAssembly
Registering precompiled unity dll's ...
Register platform support module: C:/Program Files/Unity/Editor/Data/PlaybackEngines/WindowsStandaloneSupport/UnityEditor.WindowsStandalone.Extensions.dll
Registered in 0.003727 seconds.
Native extension for WindowsStandalone target not found
Refreshing native plugins compatible for Editor in 27.36 ms, found 0 plugins.
Preloading 0 native plugins for Editor in 0.00 ms.
Invoked RoslynAnalysisRunner static constructor.
RoslynAnalysisRunner will not be running.
RoslynAnalysisRunner has terminated.
Mono: successfully reloaded assembly
- Completed reload, in  1.226 seconds
Platform modules already initialized, skipping
Registering precompiled user dll's ...
Registered in 0.000726 seconds.
Begin MonoManager ReloadAssembly
Native extension for WindowsStandalone target not found
Refreshing native plugins compatible for Editor in 0.25 ms, found 0 plugins.
Preloading 0 native plugins for Editor in 0.00 ms.
Invoked RoslynAnalysisRunner static constructor.
RoslynAnalysisRunner will not be running.
RoslynAnalysisRunner has terminated.
Mono: successfully reloaded assembly
- Completed reload, in  1.087 seconds
Platform modules already initialized, skipping
========================================================================
Worker process is ready to serve import requests
Launched and connected shader compiler UnityShaderCompiler.exe after 0.08 seconds
Refreshing native plugins compatible for Editor in 0.24 ms, found 0 plugins.
Preloading 0 native plugins for Editor in 0.00 ms.
Unloading 1126 Unused Serialized files (Serialized files now loaded: 0)
System memory in use before: 57.3 MB.
System memory in use after: 57.4 MB.

Unloading 9 unused Assets to reduce memory usage. Loaded Objects now: 1570.
Total: 2.724000 ms (FindLiveObjects: 0.189400 ms CreateObjectMapping: 0.047100 ms MarkObjects: 2.394600 ms  DeleteObjects: 0.091000 ms)

========================================================================
Received Import Request.
  path: Assets/Scripts/AStar.cs
  artifactKey: Guid(a7518880bfd31064eb1adeefc792e722) Importer(815301076,1909f56bfc062723c751e8b465ee728b)
Start importing Assets/Scripts/AStar.cs using Guid(a7518880bfd31064eb1adeefc792e722) Importer(815301076,1909f56bfc062723c751e8b465ee728b)  -> (artifact id: 'd31303706422c14837d711810c4e7cad') in 0.073947 seconds
  Import took 0.086569 seconds .

========================================================================
Received Import Request.
  Time since last request: 36.941941 seconds.
  path: Assets/Scripts/MathfScript.cs
  artifactKey: Guid(fa4d704fdad357741a4ffe11d51a8c46) Importer(815301076,1909f56bfc062723c751e8b465ee728b)
Start importing Assets/Scripts/MathfScript.cs using Guid(fa4d704fdad357741a4ffe11d51a8c46) Importer(815301076,1909f56bfc062723c751e8b465ee728b)  -> (artifact id: 'c9769da06cfb6725f7b5361f3efd3b23') in 0.009158 seconds
  Import took 0.011508 seconds .

========================================================================
Received Import Request.
  Time since last request: 77.377454 seconds.
  path: Assets/Scripts/MathfScript.cs
  artifactKey: Guid(fa4d704fdad357741a4ffe11d51a8c46) Importer(815301076,1909f56bfc062723c751e8b465ee728b)
Start importing Assets/Scripts/MathfScript.cs using Guid(fa4d704fdad357741a4ffe11d51a8c46) Importer(815301076,1909f56bfc062723c751e8b465ee728b)  -> (artifact id: '40a5225b05ed6dd922ceea240150f137') in 0.004837 seconds
  Import took 0.027383 seconds .

========================================================================
Received Import Request.
  Time since last request: 26.183955 seconds.
  path: Assets/Scripts/MathfScript.cs
  artifactKey: Guid(fa4d704fdad357741a4ffe11d51a8c46) Importer(815301076,1909f56bfc062723c751e8b465ee728b)
Start importing Assets/Scripts/MathfScript.cs using Guid(fa4d704fdad357741a4ffe11d51a8c46) Importer(815301076,1909f56bfc062723c751e8b465ee728b)  -> (artifact id: '0e9c5eb007e1422dfd0d75f687573654') in 0.004355 seconds
  Import took 0.017744 seconds .

========================================================================
Received Import Request.
  Time since last request: 15.497546 seconds.
  path: Assets/Scripts/MathfScript.cs
  artifactKey: Guid(fa4d704fdad357741a4ffe11d51a8c46) Importer(815301076,1909f56bfc062723c751e8b465ee728b)
Start importing Assets/Scripts/MathfScript.cs using Guid(fa4d704fdad357741a4ffe11d51a8c46) Importer(815301076,1909f56bfc062723c751e8b465ee728b)  -> (artifact id: '90aa978c763e1451ba4b37b0a4a05340') in 0.004205 seconds
  Import took 0.006722 seconds .

========================================================================
Received Import Request.
  Time since last request: 11.038225 seconds.
  path: Assets/Scripts/MathfScript.cs
  artifactKey: Guid(fa4d704fdad357741a4ffe11d51a8c46) Importer(815301076,1909f56bfc062723c751e8b465ee728b)
Start importing Assets/Scripts/MathfScript.cs using Guid(fa4d704fdad357741a4ffe11d51a8c46) Importer(815301076,1909f56bfc062723c751e8b465ee728b)  -> (artifact id: '2aedaf4ce2a3eefa3195d6a2377cc450') in 0.004426 seconds
  Import took 0.014960 seconds .

========================================================================
Received Import Request.
  Time since last request: 0.002737 seconds.
  path: Assets/Scripts/MathfScript.cs
  artifactKey: Guid(fa4d704fdad357741a4ffe11d51a8c46) Importer(815301076,1909f56bfc062723c751e8b465ee728b)
Start importing Assets/Scripts/MathfScript.cs using Guid(fa4d704fdad357741a4ffe11d51a8c46) Importer(815301076,1909f56bfc062723c751e8b465ee728b)  -> (artifact id: '2aedaf4ce2a3eefa3195d6a2377cc450') in 0.004110 seconds
  Import took 0.006137 seconds .

========================================================================
Received Prepare
Registering precompiled user dll's ...
Registered in 0.000688 seconds.
Begin MonoManager ReloadAssembly
Native extension for WindowsStandalone target not found
Refreshing native plugins compatible for Editor in 0.25 ms, found 0 plugins.
Preloading 0 native plugins for Editor in 0.00 ms.
Invoked RoslynAnalysisRunner static constructor.
RoslynAnalysisRunner will not be running.
RoslynAnalysisRunner has terminated.
Mono: successfully reloaded assembly
- Completed reload, in  0.942 seconds
Platform modules already initialized, skipping
Refreshing native plugins compatible for Editor in 0.23 ms, found 0 plugins.
Preloading 0 native plugins for Editor in 0.00 ms.
Unloading 1120 Unused Serialized files (Serialized files now loaded: 0)
System memory in use before: 57.2 MB.
System memory in use after: 57.3 MB.

Unloading 4 unused Assets to reduce memory usage. Loaded Objects now: 1573.
Total: 1.741600 ms (FindLiveObjects: 0.161400 ms CreateObjectMapping: 0.030300 ms MarkObjects: 1.528400 ms  DeleteObjects: 0.020300 ms)

========================================================================
Received Prepare
Registering precompiled user dll's ...
Registered in 0.000678 seconds.
Begin MonoManager ReloadAssembly
Native extension for WindowsStandalone target not found
Refreshing native plugins compatible for Editor in 0.25 ms, found 0 plugins.
Preloading 0 native plugins for Editor in 0.00 ms.
Invoked RoslynAnalysisRunner static constructor.
RoslynAnalysisRunner will not be running.
RoslynAnalysisRunner has terminated.
Mono: successfully reloaded assembly
- Completed reload, in  0.941 seconds
Platform modules already initialized, skipping
Refreshing native plugins compatible for Editor in 0.24 ms, found 0 plugins.
Preloading 0 native plugins for Editor in 0.00 ms.
Unloading 1120 Unused Serialized files (Serialized files now loaded: 0)
System memory in use before: 57.2 MB.
System memory in use after: 57.3 MB.

Unloading 4 unused Assets to reduce memory usage. Loaded Objects now: 1576.
Total: 1.689300 ms (FindLiveObjects: 0.150100 ms CreateObjectMapping: 0.029900 ms MarkObjects: 1.494100 ms  DeleteObjects: 0.014400 ms)

========================================================================
Received Prepare
Registering precompiled user dll's ...
Registered in 0.000734 seconds.
Begin MonoManager ReloadAssembly
Native extension for WindowsStandalone target not found
Refreshing native plugins compatible for Editor in 0.24 ms, found 0 plugins.
Preloading 0 native plugins for Editor in 0.00 ms.
Invoked RoslynAnalysisRunner static constructor.
RoslynAnalysisRunner will not be running.
RoslynAnalysisRunner has terminated.
Mono: successfully reloaded assembly
- Completed reload, in  0.971 seconds
Platform modules already initialized, skipping
Refreshing native plugins compatible for Editor in 0.26 ms, found 0 plugins.
Preloading 0 native plugins for Editor in 0.00 ms.
Unloading 1120 Unused Serialized files (Serialized files now loaded: 0)
System memory in use before: 57.2 MB.
System memory in use after: 57.3 MB.

Unloading 4 unused Assets to reduce memory usage. Loaded Objects now: 1579.
Total: 1.861400 ms (FindLiveObjects: 0.163800 ms CreateObjectMapping: 0.030500 ms MarkObjects: 1.646900 ms  DeleteObjects: 0.019100 ms)

========================================================================
Received Import Request.
  Time since last request: 158.142639 seconds.
  path: Assets/Material
  artifactKey: Guid(e71b4811e54dd434dacce2d11036512a) Importer(815301076,1909f56bfc062723c751e8b465ee728b)
Start importing Assets/Material using Guid(e71b4811e54dd434dacce2d11036512a) Importer(815301076,1909f56bfc062723c751e8b465ee728b)  -> (artifact id: '69addde3d1a0436c6dcb03290b5cb451') in 0.010532 seconds
  Import took 0.027653 seconds .

========================================================================
Received Prepare
Registering precompiled user dll's ...
Registered in 0.000679 seconds.
Begin MonoManager ReloadAssembly
Native extension for WindowsStandalone target not found
Refreshing native plugins compatible for Editor in 0.23 ms, found 0 plugins.
Preloading 0 native plugins for Editor in 0.00 ms.
Invoked RoslynAnalysisRunner static constructor.
RoslynAnalysisRunner will not be running.
RoslynAnalysisRunner has terminated.
Mono: successfully reloaded assembly
- Completed reload, in  0.909 seconds
Platform modules already initialized, skipping
Refreshing native plugins compatible for Editor in 0.24 ms, found 0 plugins.
Preloading 0 native plugins for Editor in 0.00 ms.
Unloading 1120 Unused Serialized files (Serialized files now loaded: 0)
System memory in use before: 57.2 MB.
System memory in use after: 57.3 MB.

Unloading 4 unused Assets to reduce memory usage. Loaded Objects now: 1582.
Total: 1.740100 ms (FindLiveObjects: 0.147300 ms CreateObjectMapping: 0.031500 ms MarkObjects: 1.545400 ms  DeleteObjects: 0.014900 ms)

========================================================================
Received Prepare
Registering precompiled user dll's ...
Registered in 0.000673 seconds.
Begin MonoManager ReloadAssembly
Native extension for WindowsStandalone target not found
Refreshing native plugins compatible for Editor in 0.24 ms, found 0 plugins.
Preloading 0 native plugins for Editor in 0.00 ms.
Invoked RoslynAnalysisRunner static constructor.
RoslynAnalysisRunner will not be running.
RoslynAnalysisRunner has terminated.
Mono: successfully reloaded assembly
- Completed reload, in  0.941 seconds
Platform modules already initialized, skipping
Refreshing native plugins compatible for Editor in 0.23 ms, found 0 plugins.
Preloading 0 native plugins for Editor in 0.00 ms.
Unloading 1120 Unused Serialized files (Serialized files now loaded: 0)
System memory in use before: 57.2 MB.
System memory in use after: 57.3 MB.

Unloading 4 unused Assets to reduce memory usage. Loaded Objects now: 1585.
Total: 1.748000 ms (FindLiveObjects: 0.176900 ms CreateObjectMapping: 0.031600 ms MarkObjects: 1.523400 ms  DeleteObjects: 0.014800 ms)

========================================================================
Received Prepare
Registering precompiled user dll's ...
Registered in 0.000671 seconds.
Begin MonoManager ReloadAssembly
Native extension for WindowsStandalone target not found
Refreshing native plugins compatible for Editor in 0.23 ms, found 0 plugins.
Preloading 0 native plugins for Editor in 0.00 ms.
Invoked RoslynAnalysisRunner static constructor.
RoslynAnalysisRunner will not be running.
RoslynAnalysisRunner has terminated.
Mono: successfully reloaded assembly
- Completed reload, in  0.929 seconds
Platform modules already initialized, skipping
Refreshing native plugins compatible for Editor in 0.23 ms, found 0 plugins.
Preloading 0 native plugins for Editor in 0.00 ms.
Unloading 1120 Unused Serialized files (Serialized files now loaded: 0)
System memory in use before: 57.2 MB.
System memory in use after: 57.3 MB.

Unloading 4 unused Assets to reduce memory usage. Loaded Objects now: 1588.
Total: 1.862600 ms (FindLiveObjects: 0.193400 ms CreateObjectMapping: 0.034600 ms MarkObjects: 1.614900 ms  DeleteObjects: 0.018000 ms)

========================================================================
Received Prepare
Registering precompiled user dll's ...
Registered in 0.000692 seconds.
Begin MonoManager ReloadAssembly
Native extension for WindowsStandalone target not found
Refreshing native plugins compatible for Editor in 0.24 ms, found 0 plugins.
Preloading 0 native plugins for Editor in 0.00 ms.
Invoked RoslynAnalysisRunner static constructor.
RoslynAnalysisRunner will not be running.
RoslynAnalysisRunner has terminated.
Mono: successfully reloaded assembly
- Completed reload, in  0.942 seconds
Platform modules already initialized, skipping
Refreshing native plugins compatible for Editor in 0.24 ms, found 0 plugins.
Preloading 0 native plugins for Editor in 0.00 ms.
Unloading 1120 Unused Serialized files (Serialized files now loaded: 0)
System memory in use before: 57.2 MB.
System memory in use after: 57.3 MB.

Unloading 4 unused Assets to reduce memory usage. Loaded Objects now: 1591.
Total: 2.268800 ms (FindLiveObjects: 0.218000 ms CreateObjectMapping: 0.036400 ms MarkObjects: 1.990800 ms  DeleteObjects: 0.022200 ms)

========================================================================
Received Import Request.
  Time since last request: 2131.381321 seconds.
  path: Assets/Scripts/MathfScript.cs
  artifactKey: Guid(fa4d704fdad357741a4ffe11d51a8c46) Importer(815301076,1909f56bfc062723c751e8b465ee728b)
Start importing Assets/Scripts/MathfScript.cs using Guid(fa4d704fdad357741a4ffe11d51a8c46) Importer(815301076,1909f56bfc062723c751e8b465ee728b)  -> (artifact id: '2d8245c422516e5dba85c0f1c9d41a74') in 0.009001 seconds
  Import took 0.011292 seconds .

========================================================================
Received Import Request.
  Time since last request: 0.025946 seconds.
  path: Assets/Scripts/MathfScript.cs
  artifactKey: Guid(fa4d704fdad357741a4ffe11d51a8c46) Importer(815301076,1909f56bfc062723c751e8b465ee728b)
Start importing Assets/Scripts/MathfScript.cs using Guid(fa4d704fdad357741a4ffe11d51a8c46) Importer(815301076,1909f56bfc062723c751e8b465ee728b)  -> (artifact id: '2d8245c422516e5dba85c0f1c9d41a74') in 0.004424 seconds
  Import took 0.006969 seconds .

========================================================================
Received Import Request.
  Time since last request: 33.084757 seconds.
  path: Assets/Scripts/APIInput.cs
  artifactKey: Guid(3f33d55cdb8b353469cd1d47fd1feafd) Importer(815301076,1909f56bfc062723c751e8b465ee728b)
Start importing Assets/Scripts/APIInput.cs using Guid(3f33d55cdb8b353469cd1d47fd1feafd) Importer(815301076,1909f56bfc062723c751e8b465ee728b)  -> (artifact id: '6180ea600e2f0f689ff0cf8e6e598f45') in 0.010306 seconds
  Import took 0.012927 seconds .

========================================================================
Received Prepare
Registering precompiled user dll's ...
Registered in 0.000831 seconds.
Begin MonoManager ReloadAssembly
Native extension for WindowsStandalone target not found
Refreshing native plugins compatible for Editor in 0.25 ms, found 0 plugins.
Preloading 0 native plugins for Editor in 0.00 ms.
Invoked RoslynAnalysisRunner static constructor.
RoslynAnalysisRunner will not be running.
RoslynAnalysisRunner has terminated.
Mono: successfully reloaded assembly
- Completed reload, in  0.947 seconds
Platform modules already initialized, skipping
Refreshing native plugins compatible for Editor in 0.24 ms, found 0 plugins.
Preloading 0 native plugins for Editor in 0.00 ms.
Unloading 1121 Unused Serialized files (Serialized files now loaded: 0)
System memory in use before: 57.3 MB.
System memory in use after: 57.4 MB.

Unloading 4 unused Assets to reduce memory usage. Loaded Objects now: 1595.
Total: 1.869000 ms (FindLiveObjects: 0.167800 ms CreateObjectMapping: 0.033800 ms MarkObjects: 1.645300 ms  DeleteObjects: 0.021100 ms)

========================================================================
Received Prepare
Registering precompiled user dll's ...
Registered in 0.000759 seconds.
Begin MonoManager ReloadAssembly
Native extension for WindowsStandalone target not found
Refreshing native plugins compatible for Editor in 0.25 ms, found 0 plugins.
Preloading 0 native plugins for Editor in 0.00 ms.
Invoked RoslynAnalysisRunner static constructor.
RoslynAnalysisRunner will not be running.
RoslynAnalysisRunner has terminated.
Mono: successfully reloaded assembly
- Completed reload, in  0.961 seconds
Platform modules already initialized, skipping
Refreshing native plugins compatible for Editor in 0.24 ms, found 0 plugins.
Preloading 0 native plugins for Editor in 0.00 ms.
Unloading 1121 Unused Serialized files (Serialized files now loaded: 0)
System memory in use before: 57.3 MB.
System memory in use after: 57.4 MB.

Unloading 4 unused Assets to reduce memory usage. Loaded Objects now: 1598.
Total: 1.867400 ms (FindLiveObjects: 0.172400 ms CreateObjectMapping: 0.030800 ms MarkObjects: 1.645200 ms  DeleteObjects: 0.017900 ms)

========================================================================
Received Import Request.
  Time since last request: 45.961249 seconds.
  path: Assets/Scripts/APIInput.cs
  artifactKey: Guid(3f33d55cdb8b353469cd1d47fd1feafd) Importer(815301076,1909f56bfc062723c751e8b465ee728b)
Start importing Assets/Scripts/APIInput.cs using Guid(3f33d55cdb8b353469cd1d47fd1feafd) Importer(815301076,1909f56bfc062723c751e8b465ee728b)  -> (artifact id: '45c3763577bd665dd10a02435d69f24a') in 0.008733 seconds
  Import took 0.011179 seconds .

========================================================================
Received Prepare
Registering precompiled user dll's ...
Registered in 0.000797 seconds.
Begin MonoManager ReloadAssembly
Native extension for WindowsStandalone target not found
Refreshing native plugins compatible for Editor in 0.24 ms, found 0 plugins.
Preloading 0 native plugins for Editor in 0.00 ms.
Invoked RoslynAnalysisRunner static constructor.
RoslynAnalysisRunner will not be running.
RoslynAnalysisRunner has terminated.
Mono: successfully reloaded assembly
- Completed reload, in  1.039 seconds
Platform modules already initialized, skipping
Refreshing native plugins compatible for Editor in 0.26 ms, found 0 plugins.
Preloading 0 native plugins for Editor in 0.00 ms.
Unloading 1121 Unused Serialized files (Serialized files now loaded: 0)
System memory in use before: 57.3 MB.
System memory in use after: 57.4 MB.

Unloading 4 unused Assets to reduce memory usage. Loaded Objects now: 1601.
Total: 1.857100 ms (FindLiveObjects: 0.178200 ms CreateObjectMapping: 0.030300 ms MarkObjects: 1.627500 ms  DeleteObjects: 0.020200 ms)

========================================================================
Received Import Request.
  Time since last request: 169597.109308 seconds.
  path: Assets/Scripts/APIInput.cs
  artifactKey: Guid(3f33d55cdb8b353469cd1d47fd1feafd) Importer(815301076,1909f56bfc062723c751e8b465ee728b)
Start importing Assets/Scripts/APIInput.cs using Guid(3f33d55cdb8b353469cd1d47fd1feafd) Importer(815301076,1909f56bfc062723c751e8b465ee728b)  -> (artifact id: '228808c155b12c093c0760e44cc80f7b') in 0.010556 seconds
  Import took 0.029473 seconds .

========================================================================
Received Prepare
Registering precompiled user dll's ...
Registered in 0.000817 seconds.
Begin MonoManager ReloadAssembly
Native extension for WindowsStandalone target not found
Refreshing native plugins compatible for Editor in 0.35 ms, found 0 plugins.
Preloading 0 native plugins for Editor in 0.00 ms.
Invoked RoslynAnalysisRunner static constructor.
RoslynAnalysisRunner will not be running.
RoslynAnalysisRunner has terminated.
Mono: successfully reloaded assembly
- Completed reload, in  1.024 seconds
Platform modules already initialized, skipping
Refreshing native plugins compatible for Editor in 0.24 ms, found 0 plugins.
Preloading 0 native plugins for Editor in 0.00 ms.
Unloading 1121 Unused Serialized files (Serialized files now loaded: 0)
System memory in use before: 57.3 MB.
System memory in use after: 57.4 MB.

Unloading 4 unused Assets to reduce memory usage. Loaded Objects now: 1604.
Total: 1.976800 ms (FindLiveObjects: 0.198400 ms CreateObjectMapping: 0.061800 ms MarkObjects: 1.698800 ms  DeleteObjects: 0.016600 ms)

========================================================================
Received Import Request.
  Time since last request: 419.907349 seconds.
  path: Assets/Scripts/APIInput.cs
  artifactKey: Guid(3f33d55cdb8b353469cd1d47fd1feafd) Importer(815301076,1909f56bfc062723c751e8b465ee728b)
Start importing Assets/Scripts/APIInput.cs using Guid(3f33d55cdb8b353469cd1d47fd1feafd) Importer(815301076,1909f56bfc062723c751e8b465ee728b)  -> (artifact id: '5f84e7a19515472b627c8b339656fce2') in 0.005533 seconds
  Import took 0.023202 seconds .

========================================================================
Received Prepare
Registering precompiled user dll's ...
Registered in 0.000772 seconds.
Begin MonoManager ReloadAssembly
Native extension for WindowsStandalone target not found
Refreshing native plugins compatible for Editor in 0.35 ms, found 0 plugins.
Preloading 0 native plugins for Editor in 0.00 ms.
Invoked RoslynAnalysisRunner static constructor.
RoslynAnalysisRunner will not be running.
RoslynAnalysisRunner has terminated.
Mono: successfully reloaded assembly
- Completed reload, in  0.944 seconds
Platform modules already initialized, skipping
Refreshing native plugins compatible for Editor in 0.24 ms, found 0 plugins.
Preloading 0 native plugins for Editor in 0.00 ms.
Unloading 1121 Unused Serialized files (Serialized files now loaded: 0)
System memory in use before: 57.3 MB.
System memory in use after: 57.4 MB.

Unloading 4 unused Assets to reduce memory usage. Loaded Objects now: 1607.
Total: 2.242000 ms (FindLiveObjects: 0.310800 ms CreateObjectMapping: 0.074000 ms MarkObjects: 1.837700 ms  DeleteObjects: 0.017700 ms)

========================================================================
Received Prepare
Registering precompiled user dll's ...
Registered in 0.001001 seconds.
Begin MonoManager ReloadAssembly
Native extension for WindowsStandalone target not found
Refreshing native plugins compatible for Editor in 0.26 ms, found 0 plugins.
Preloading 0 native plugins for Editor in 0.00 ms.
Invoked RoslynAnalysisRunner static constructor.
RoslynAnalysisRunner will not be running.
RoslynAnalysisRunner has terminated.
Mono: successfully reloaded assembly
- Completed reload, in  0.978 seconds
Platform modules already initialized, skipping
Refreshing native plugins compatible for Editor in 0.28 ms, found 0 plugins.
Preloading 0 native plugins for Editor in 0.00 ms.
Unloading 1121 Unused Serialized files (Serialized files now loaded: 0)
System memory in use before: 57.3 MB.
System memory in use after: 57.4 MB.

Unloading 4 unused Assets to reduce memory usage. Loaded Objects now: 1610.
Total: 1.867600 ms (FindLiveObjects: 0.170300 ms CreateObjectMapping: 0.030300 ms MarkObjects: 1.647600 ms  DeleteObjects: 0.017900 ms)

========================================================================
Received Prepare
Registering precompiled user dll's ...
Registered in 0.000764 seconds.
Begin MonoManager ReloadAssembly
Native extension for WindowsStandalone target not found
Refreshing native plugins compatible for Editor in 0.24 ms, found 0 plugins.
Preloading 0 native plugins for Editor in 0.00 ms.
Invoked RoslynAnalysisRunner static constructor.
RoslynAnalysisRunner will not be running.
RoslynAnalysisRunner has terminated.
Mono: successfully reloaded assembly
- Completed reload, in  0.959 seconds
Platform modules already initialized, skipping
Refreshing native plugins compatible for Editor in 0.24 ms, found 0 plugins.
Preloading 0 native plugins for Editor in 0.00 ms.
Unloading 1121 Unused Serialized files (Serialized files now loaded: 0)
System memory in use before: 57.3 MB.
System memory in use after: 57.4 MB.

Unloading 4 unused Assets to reduce memory usage. Loaded Objects now: 1613.
Total: 2.233800 ms (FindLiveObjects: 0.226100 ms CreateObjectMapping: 0.035800 ms MarkObjects: 1.950200 ms  DeleteObjects: 0.019800 ms)

AssetImportWorkerClient::OnTransportError - code=2 error=End of file
